<?xml version="1.0" encoding="UTF-8"?>
<!-- Generated by org.testng.reporters.JUnitXMLReporter -->
<testsuite ignored="0" hostname="Alfin" failures="1" tests="3" name="Error Validation Test" time="28.763" errors="0" timestamp="2024-08-06T07:34:01 CST">
  <testcase classname="myporto.test.ErrorValidation" name="errorCheck" time="0.892">
    <skipped/>
  </testcase> <!-- errorCheck -->
  <testcase classname="myporto.test.ErrorValidation" name="errorCheck" time="1.126">
    <failure type="java.lang.AssertionError" message="expected [Incorrect email or password.] but found [Incorrect email password.]">
      <![CDATA[java.lang.AssertionError: expected [Incorrect email or password.] but found [Incorrect email password.]
at myporto.test.ErrorValidation.errorCheck(ErrorValidation.java:21)
at java.base/java.util.ArrayList.forEach(ArrayList.java:1597)
at java.base/java.util.concurrent.FutureTask.run(FutureTask.java:317)
at java.base/java.util.concurrent.ThreadPoolExecutor.runWorker(ThreadPoolExecutor.java:1144)
at java.base/java.util.concurrent.ThreadPoolExecutor$Worker.run(ThreadPoolExecutor.java:642)
at java.base/java.lang.Thread.run(Thread.java:1570)
... Removed 21 stack frames]]>
    </failure>
  </testcase> <!-- errorCheck -->
  <testcase classname="myporto.test.ErrorValidation" name="productErrorValidation" time="4.612"/>
</testsuite> <!-- Error Validation Test -->
