<?xml version="1.0" encoding="UTF-8"?>
<!-- Generated by org.testng.reporters.JUnitXMLReporter -->
<testsuite ignored="0" hostname="Alfin" failures="0" tests="3" name="Submit Order Test" time="34.345" errors="0" timestamp="2024-08-06T07:34:06 CST">
  <testcase classname="myporto.test.SubmitOrder" name="submitOrder" time="6.134"/>
  <testcase classname="myporto.test.SubmitOrder" name="submitOrder" time="5.654"/>
  <testcase classname="myporto.test.SubmitOrder" name="OrderHistoryTest" time="1.176"/>
</testsuite> <!-- Submit Order Test -->
