<?xml version="1.0" encoding="UTF-8"?>
<!-- Generated by org.testng.reporters.JUnitXMLReporter -->
<testsuite ignored="2" hostname="Alfin" failures="0" tests="0" time="0.013" errors="0" timestamp="2024-08-07T07:10:05 CST">
  <testcase classname="myporto.test.ErrorValidation" name="errorCheck" time="0.0">
    <ignored/>
  </testcase> <!-- errorCheck -->
  <testcase classname="myporto.test.ErrorValidation" name="productErrorValidation" time="0.0">
    <ignored/>
  </testcase> <!-- productErrorValidation -->
</testsuite>
