<?xml version="1.0" encoding="UTF-8"?>
<!-- Generated by org.testng.reporters.JUnitXMLReporter -->
<testsuite ignored="1" hostname="Alfin" failures="0" tests="2" name="Submit Order Test" time="25.489" errors="0" timestamp="2024-08-07T07:10:31 CST">
  <testcase classname="myporto.test.SubmitOrder" name="submitOrder" time="5.649"/>
  <testcase classname="myporto.test.SubmitOrder" name="submitOrder" time="5.541"/>
  <testcase classname="myporto.test.SubmitOrder" name="OrderHistoryTest" time="0.0">
    <ignored/>
  </testcase> <!-- OrderHistoryTest -->
</testsuite> <!-- Submit Order Test -->
