<?xml version="1.0" encoding="UTF-8"?>
<testng-results ignored="0" total="2" passed="2" failed="0" skipped="0">
  <reporter-output>
  </reporter-output>
  <suite started-at="2024-08-07T07:10:05 CST" name="Suite" finished-at="2024-08-07T07:10:31 CST" duration-ms="25489">
    <groups>
      <group name="Purchase">
        <method signature="SubmitOrder.submitOrder(java.util.HashMap)[pri:0, instance:myporto.test.SubmitOrder@32eff876]" name="submitOrder" class="myporto.test.SubmitOrder"/>
      </group> <!-- Purchase -->
    </groups>
    <test started-at="2024-08-07T07:10:05 CST" name="Error Validation Test" finished-at="2024-08-07T07:10:05 CST" duration-ms="13">
    </test> <!-- Error Validation Test -->
    <test started-at="2024-08-07T07:10:05 CST" name="Submit Order Test" finished-at="2024-08-07T07:10:31 CST" duration-ms="25489">
      <class name="myporto.test.SubmitOrder">
        <test-method is-config="true" signature="launchApplication()[pri:0, instance:myporto.test.SubmitOrder@32eff876]" started-at="2024-08-07T07:10:06 CST" name="launchApplication" finished-at="2024-08-07T07:10:15 CST" duration-ms="8921" status="PASS">
          <reporter-output>
          </reporter-output>
        </test-method> <!-- launchApplication -->
        <test-method signature="submitOrder(java.util.HashMap)[pri:0, instance:myporto.test.SubmitOrder@32eff876]" started-at="2024-08-07T07:10:15 CST" name="submitOrder" data-provider="getData" finished-at="2024-08-07T07:10:20 CST" duration-ms="5649" status="PASS">
          <params>
            <param index="0">
              <value>
                <![CDATA[{password=Test1234, product=ZARA COAT 3, email=Test@example.com}]]>
              </value>
            </param>
          </params>
          <reporter-output>
          </reporter-output>
        </test-method> <!-- submitOrder -->
        <test-method is-config="true" signature="closeDriver()[pri:0, instance:myporto.test.SubmitOrder@32eff876]" started-at="2024-08-07T07:10:20 CST" name="closeDriver" finished-at="2024-08-07T07:10:20 CST" duration-ms="27" status="PASS">
          <reporter-output>
          </reporter-output>
        </test-method> <!-- closeDriver -->
        <test-method is-config="true" signature="launchApplication()[pri:0, instance:myporto.test.SubmitOrder@32eff876]" started-at="2024-08-07T07:10:20 CST" name="launchApplication" finished-at="2024-08-07T07:10:25 CST" duration-ms="4977" status="PASS">
          <reporter-output>
          </reporter-output>
        </test-method> <!-- launchApplication -->
        <test-method signature="submitOrder(java.util.HashMap)[pri:0, instance:myporto.test.SubmitOrder@32eff876]" started-at="2024-08-07T07:10:25 CST" name="submitOrder" data-provider="getData" finished-at="2024-08-07T07:10:31 CST" duration-ms="5541" status="PASS">
          <params>
            <param index="0">
              <value>
                <![CDATA[{password=Test1234, product=ADIDAS ORIGINAL, email=Test1@Example.com}]]>
              </value>
            </param>
          </params>
          <reporter-output>
          </reporter-output>
        </test-method> <!-- submitOrder -->
        <test-method is-config="true" signature="closeDriver()[pri:0, instance:myporto.test.SubmitOrder@32eff876]" started-at="2024-08-07T07:10:31 CST" name="closeDriver" finished-at="2024-08-07T07:10:31 CST" duration-ms="27" status="PASS">
          <reporter-output>
          </reporter-output>
        </test-method> <!-- closeDriver -->
      </class> <!-- myporto.test.SubmitOrder -->
    </test> <!-- Submit Order Test -->
  </suite> <!-- Suite -->
</testng-results>
